This is pdfTeX, Version 3.14159265-2.6-1.40.16 (TeX Live 2015/Debian) (preloaded format=pdflatex 2017.8.26)  14 MAY 2018 03:07
entering extended mode
 restricted \write18 enabled.
 %&-line parsing enabled.
**report.tex
(./report.tex
LaTeX2e <2016/02/01>
Babel <3.9q> and hyphenation patterns for 81 language(s) loaded.
(/usr/share/texlive/texmf-dist/tex/latex/base/article.cls
Document Class: article 2014/09/29 v1.4h Standard LaTeX document class
(/usr/share/texlive/texmf-dist/tex/latex/base/size10.clo
File: size10.clo 2014/09/29 v1.4h Standard LaTeX file (size option)
)
\c@part=\count79
\c@section=\count80
\c@subsection=\count81
\c@subsubsection=\count82
\c@paragraph=\count83
\c@subparagraph=\count84
\c@figure=\count85
\c@table=\count86
\abovecaptionskip=\skip41
\belowcaptionskip=\skip42
\bibindent=\dimen102
)
(/usr/share/texlive/texmf-dist/tex/latex/graphics/graphicx.sty
Package: graphicx 2014/10/28 v1.0g Enhanced LaTeX Graphics (DPC,SPQR)

(/usr/share/texlive/texmf-dist/tex/latex/graphics/keyval.sty
Package: keyval 2014/10/28 v1.15 key=value parser (DPC)
\KV@toks@=\toks14
)
(/usr/share/texlive/texmf-dist/tex/latex/graphics/graphics.sty
Package: graphics 2016/01/03 v1.0q Standard LaTeX Graphics (DPC,SPQR)

(/usr/share/texlive/texmf-dist/tex/latex/graphics/trig.sty
Package: trig 2016/01/03 v1.10 sin cos tan (DPC)
)
(/usr/share/texlive/texmf-dist/tex/latex/latexconfig/graphics.cfg
File: graphics.cfg 2010/04/23 v1.9 graphics configuration of TeX Live
)
Package graphics Info: Driver file: pdftex.def on input line 95.

(/usr/share/texlive/texmf-dist/tex/latex/pdftex-def/pdftex.def
File: pdftex.def 2011/05/27 v0.06d Graphics/color for pdfTeX

(/usr/share/texlive/texmf-dist/tex/generic/oberdiek/infwarerr.sty
Package: infwarerr 2010/04/08 v1.3 Providing info/warning/error messages (HO)
)
(/usr/share/texlive/texmf-dist/tex/generic/oberdiek/ltxcmds.sty
Package: ltxcmds 2011/11/09 v1.22 LaTeX kernel commands for general use (HO)
)
\Gread@gobject=\count87
))
\Gin@req@height=\dimen103
\Gin@req@width=\dimen104
)
(/usr/share/texlive/texmf-dist/tex/latex/amsmath/amsmath.sty
Package: amsmath 2016/03/03 v2.15a AMS math features
\@mathmargin=\skip43

For additional information on amsmath, use the `?' option.
(/usr/share/texlive/texmf-dist/tex/latex/amsmath/amstext.sty
Package: amstext 2000/06/29 v2.01 AMS text

(/usr/share/texlive/texmf-dist/tex/latex/amsmath/amsgen.sty
File: amsgen.sty 1999/11/30 v2.0 generic functions
\@emptytoks=\toks15
\ex@=\dimen105
))
(/usr/share/texlive/texmf-dist/tex/latex/amsmath/amsbsy.sty
Package: amsbsy 1999/11/29 v1.2d Bold Symbols
\pmbraise@=\dimen106
)
(/usr/share/texlive/texmf-dist/tex/latex/amsmath/amsopn.sty
Package: amsopn 1999/12/14 v2.01 operator names
)
\inf@bad=\count88
LaTeX Info: Redefining \frac on input line 199.
\uproot@=\count89
\leftroot@=\count90
LaTeX Info: Redefining \overline on input line 297.
\classnum@=\count91
\DOTSCASE@=\count92
LaTeX Info: Redefining \ldots on input line 394.
LaTeX Info: Redefining \dots on input line 397.
LaTeX Info: Redefining \cdots on input line 518.
\Mathstrutbox@=\box26
\strutbox@=\box27
\big@size=\dimen107
LaTeX Font Info:    Redeclaring font encoding OML on input line 630.
LaTeX Font Info:    Redeclaring font encoding OMS on input line 631.
\macc@depth=\count93
\c@MaxMatrixCols=\count94
\dotsspace@=\muskip10
\c@parentequation=\count95
\dspbrk@lvl=\count96
\tag@help=\toks16
\row@=\count97
\column@=\count98
\maxfields@=\count99
\andhelp@=\toks17
\eqnshift@=\dimen108
\alignsep@=\dimen109
\tagshift@=\dimen110
\tagwidth@=\dimen111
\totwidth@=\dimen112
\lineht@=\dimen113
\@envbody=\toks18
\multlinegap=\skip44
\multlinetaggap=\skip45
\mathdisplay@stack=\toks19
LaTeX Info: Redefining \[ on input line 2735.
LaTeX Info: Redefining \] on input line 2736.
)
(/usr/share/texlive/texmf-dist/tex/latex/geometry/geometry.sty
Package: geometry 2010/09/12 v5.6 Page Geometry

(/usr/share/texlive/texmf-dist/tex/generic/oberdiek/ifpdf.sty
Package: ifpdf 2011/01/30 v2.3 Provides the ifpdf switch (HO)
Package ifpdf Info: pdfTeX in PDF mode is detected.
)
(/usr/share/texlive/texmf-dist/tex/generic/oberdiek/ifvtex.sty
Package: ifvtex 2010/03/01 v1.5 Detect VTeX and its facilities (HO)
Package ifvtex Info: VTeX not detected.
)
(/usr/share/texlive/texmf-dist/tex/generic/ifxetex/ifxetex.sty
Package: ifxetex 2010/09/12 v0.6 Provides ifxetex conditional
)
\Gm@cnth=\count100
\Gm@cntv=\count101
\c@Gm@tempcnt=\count102
\Gm@bindingoffset=\dimen114
\Gm@wd@mp=\dimen115
\Gm@odd@mp=\dimen116
\Gm@even@mp=\dimen117
\Gm@layoutwidth=\dimen118
\Gm@layoutheight=\dimen119
\Gm@layouthoffset=\dimen120
\Gm@layoutvoffset=\dimen121
\Gm@dimlist=\toks20
) (./report.aux)
\openout1 = `report.aux'.

LaTeX Font Info:    Checking defaults for OML/cmm/m/it on input line 15.
LaTeX Font Info:    ... okay on input line 15.
LaTeX Font Info:    Checking defaults for T1/cmr/m/n on input line 15.
LaTeX Font Info:    ... okay on input line 15.
LaTeX Font Info:    Checking defaults for OT1/cmr/m/n on input line 15.
LaTeX Font Info:    ... okay on input line 15.
LaTeX Font Info:    Checking defaults for OMS/cmsy/m/n on input line 15.
LaTeX Font Info:    ... okay on input line 15.
LaTeX Font Info:    Checking defaults for OMX/cmex/m/n on input line 15.
LaTeX Font Info:    ... okay on input line 15.
LaTeX Font Info:    Checking defaults for U/cmr/m/n on input line 15.
LaTeX Font Info:    ... okay on input line 15.
(/usr/share/texlive/texmf-dist/tex/context/base/supp-pdf.mkii
[Loading MPS to PDF converter (version 2006.09.02).]
\scratchcounter=\count103
\scratchdimen=\dimen122
\scratchbox=\box28
\nofMPsegments=\count104
\nofMParguments=\count105
\everyMPshowfont=\toks21
\MPscratchCnt=\count106
\MPscratchDim=\dimen123
\MPnumerator=\count107
\makeMPintoPDFobject=\count108
\everyMPtoPDFconversion=\toks22
) (/usr/share/texlive/texmf-dist/tex/generic/oberdiek/pdftexcmds.sty
Package: pdftexcmds 2011/11/29 v0.20 Utility functions of pdfTeX for LuaTeX (HO
)

(/usr/share/texlive/texmf-dist/tex/generic/oberdiek/ifluatex.sty
Package: ifluatex 2010/03/01 v1.3 Provides the ifluatex switch (HO)
Package ifluatex Info: LuaTeX not detected.
)
Package pdftexcmds Info: LuaTeX not detected.
Package pdftexcmds Info: \pdf@primitive is available.
Package pdftexcmds Info: \pdf@ifprimitive is available.
Package pdftexcmds Info: \pdfdraftmode found.
)
(/usr/share/texlive/texmf-dist/tex/latex/oberdiek/epstopdf-base.sty
Package: epstopdf-base 2010/02/09 v2.5 Base part for package epstopdf

(/usr/share/texlive/texmf-dist/tex/latex/oberdiek/grfext.sty
Package: grfext 2010/08/19 v1.1 Manage graphics extensions (HO)

(/usr/share/texlive/texmf-dist/tex/generic/oberdiek/kvdefinekeys.sty
Package: kvdefinekeys 2011/04/07 v1.3 Define keys (HO)
))
(/usr/share/texlive/texmf-dist/tex/latex/oberdiek/kvoptions.sty
Package: kvoptions 2011/06/30 v3.11 Key value format for package options (HO)

(/usr/share/texlive/texmf-dist/tex/generic/oberdiek/kvsetkeys.sty
Package: kvsetkeys 2012/04/25 v1.16 Key value parser (HO)

(/usr/share/texlive/texmf-dist/tex/generic/oberdiek/etexcmds.sty
Package: etexcmds 2011/02/16 v1.5 Avoid name clashes with e-TeX commands (HO)
Package etexcmds Info: Could not find \expanded.
(etexcmds)             That can mean that you are not using pdfTeX 1.50 or
(etexcmds)             that some package has redefined \expanded.
(etexcmds)             In the latter case, load this package earlier.
)))
Package grfext Info: Graphics extension search list:
(grfext)             [.png,.pdf,.jpg,.mps,.jpeg,.jbig2,.jb2,.PNG,.PDF,.JPG,.JPE
G,.JBIG2,.JB2,.eps]
(grfext)             \AppendGraphicsExtensions on input line 452.

(/usr/share/texlive/texmf-dist/tex/latex/latexconfig/epstopdf-sys.cfg
File: epstopdf-sys.cfg 2010/07/13 v1.3 Configuration of (r)epstopdf for TeX Liv
e
))
*geometry* driver: auto-detecting
*geometry* detected driver: pdftex
*geometry* verbose mode - [ preamble ] result:
* driver: pdftex
* paper: <default>
* layout: <same size as paper>
* layoutoffset:(h,v)=(0.0pt,0.0pt)
* modes: 
* h-part:(L,W,R)=(72.26999pt, 469.75502pt, 72.26999pt)
* v-part:(T,H,B)=(72.26999pt, 650.43001pt, 72.26999pt)
* \paperwidth=614.295pt
* \paperheight=794.96999pt
* \textwidth=469.75502pt
* \textheight=650.43001pt
* \oddsidemargin=0.0pt
* \evensidemargin=0.0pt
* \topmargin=-37.0pt
* \headheight=12.0pt
* \headsep=25.0pt
* \topskip=10.0pt
* \footskip=30.0pt
* \marginparwidth=65.0pt
* \marginparsep=11.0pt
* \columnsep=10.0pt
* \skip\footins=9.0pt plus 4.0pt minus 2.0pt
* \hoffset=0.0pt
* \voffset=0.0pt
* \mag=1000
* \@twocolumnfalse
* \@twosidefalse
* \@mparswitchfalse
* \@reversemarginfalse
* (1in=72.27pt=25.4mm, 1cm=28.453pt)

[1

{/var/lib/texmf/fonts/map/pdftex/updmap/pdftex.map}] (./report.toc [1])
\tf@toc=\write3
\openout3 = `report.toc'.


[2] [1]
LaTeX Font Info:    Try loading font information for OMS+cmr on input line 98.
 (/usr/share/texlive/texmf-dist/tex/latex/base/omscmr.fd
File: omscmr.fd 2014/09/29 v2.5h Standard LaTeX font definitions
)
LaTeX Font Info:    Font shape `OMS/cmr/m/n' in size <10> not available
(Font)              Font shape `OMS/cmsy/m/n' tried instead on input line 98.
 [2] [3]
[4] [5] [6] <images/mass-spring.pdf, id=43, 588.1975pt x 75.28125pt>
File: images/mass-spring.pdf Graphic file (type pdf)

<use images/mass-spring.pdf>
Package pdftex.def Info: images/mass-spring.pdf used on input line 488.
(pdftex.def)             Requested size: 352.31625pt x 45.09212pt.
 [7]
<images/dispersion-rln.pdf, id=47, 497.86pt x 316.18124pt>
File: images/dispersion-rln.pdf Graphic file (type pdf)

<use images/dispersion-rln.pdf>
Package pdftex.def Info: images/dispersion-rln.pdf used on input line 542.
(pdftex.def)             Requested size: 281.85587pt x 179.00456pt.
 [8 <./images/mass-spring.pdf>]
<images/diatomic-mass-spring.pdf, id=65, 588.1975pt x 75.28125pt>
File: images/diatomic-mass-spring.pdf Graphic file (type pdf)

<use images/diatomic-mass-spring.pdf>
Package pdftex.def Info: images/diatomic-mass-spring.pdf used on input line 585
.
(pdftex.def)             Requested size: 352.31625pt x 45.09212pt.
 [9 <./images/dispersion-rln.pdf>]
<images/diatomic-exact.pdf, id=82, 505.89pt x 406.51875pt>
File: images/diatomic-exact.pdf Graphic file (type pdf)

<use images/diatomic-exact.pdf>
Package pdftex.def Info: images/diatomic-exact.pdf used on input line 642.
(pdftex.def)             Requested size: 281.85587pt x 226.49518pt.
 [10 <./images/diatomic-mass-spring.pdf>]
[11 <./images/diatomic-exact.pdf>]
<images/matlab-dr.pdf, id=106, 642.4pt x 477.785pt>
File: images/matlab-dr.pdf Graphic file (type pdf)
 <use images/matlab-dr.pdf>
Package pdftex.def Info: images/matlab-dr.pdf used on input line 752.
(pdftex.def)             Requested size: 281.85587pt x 209.63551pt.

[12] <images/snap-f19.pdf, id=110, 655.44875pt x 392.46625pt>
File: images/snap-f19.pdf Graphic file (type pdf)

<use images/snap-f19.pdf>
Package pdftex.def Info: images/snap-f19.pdf used on input line 769.
(pdftex.def)             Requested size: 281.85587pt x 168.76917pt.

<images/snap-f21.pdf, id=111, 705.63625pt x 418.56375pt>
File: images/snap-f21.pdf Graphic file (type pdf)

<use images/snap-f21.pdf>
Package pdftex.def Info: images/snap-f21.pdf used on input line 775.
(pdftex.def)             Requested size: 281.85587pt x 167.18622pt.

<images/im-wavenum-res.pdf, id=112, 633.36626pt x 486.81876pt>
File: images/im-wavenum-res.pdf Graphic file (type pdf)

<use images/im-wavenum-res.pdf>
Package pdftex.def Info: images/im-wavenum-res.pdf used on input line 788.
(pdftex.def)             Requested size: 281.85587pt x 216.6448pt.
 [13 <./images/matlab-dr.pdf> <./images/snap-f19.pdf

pdfTeX warning: /usr/bin/pdflatex (file ./images/snap-f19.pdf): PDF inclusion: 
multiple pdfs with page group included in a single page
>] <images/tl-diag.pdf, id=134, 604.2575pt x 481.8pt>
File: images/tl-diag.pdf Graphic file (type pdf)
 <use images/tl-diag.pdf>
Package pdftex.def Info: images/tl-diag.pdf used on input line 803.
(pdftex.def)             Requested size: 281.85587pt x 224.73308pt.

<images/diatomic-dr.pdf, id=135, 621.32124pt x 484.81125pt>
File: images/diatomic-dr.pdf Graphic file (type pdf)

<use images/diatomic-dr.pdf>
Package pdftex.def Info: images/diatomic-dr.pdf used on input line 819.
(pdftex.def)             Requested size: 281.85587pt x 219.93108pt.

<images/dia-tl-diag.pdf, id=136, 638.385pt x 491.8375pt>
File: images/dia-tl-diag.pdf Graphic file (type pdf)

<use images/dia-tl-diag.pdf>
Package pdftex.def Info: images/dia-tl-diag.pdf used on input line 831.
(pdftex.def)             Requested size: 281.85587pt x 217.15215pt.
 [14 <./images/snap-f21.pdf> <./images/im-wavenum-res.pdf

pdfTeX warning: /usr/bin/pdflatex (file ./images/im-wavenum-res.pdf): PDF inclu
sion: multiple pdfs with page group included in a single page
>] [15 <./images/tl-diag.pdf> <./images/diatomic-dr.pdf

pdfTeX warning: /usr/bin/pdflatex (file ./images/diatomic-dr.pdf): PDF inclusio
n: multiple pdfs with page group included in a single page
>] [16 <./images/dia-tl-diag.pdf>] [17]
<images/unifbar.pdf, id=190, 610.28pt x 482.80376pt>
File: images/unifbar.pdf Graphic file (type pdf)
 <use images/unifbar.pdf>
Package pdftex.def Info: images/unifbar.pdf used on input line 987.
(pdftex.def)             Requested size: 281.85587pt x 222.9912pt.

<images/layrd-unit-cell.pdf, id=191, 276.03125pt x 168.63pt>
File: images/layrd-unit-cell.pdf Graphic file (type pdf)

<use images/layrd-unit-cell.pdf>
Package pdftex.def Info: images/layrd-unit-cell.pdf used on input line 1004.
(pdftex.def)             Requested size: 234.8775pt x 143.4957pt.

<images/layrd.pdf, id=192, 598.235pt x 485.815pt>
File: images/layrd.pdf Graphic file (type pdf)
 <use images/layrd.pdf>
Package pdftex.def Info: images/layrd.pdf used on input line 1013.
(pdftex.def)             Requested size: 281.85587pt x 228.88905pt.

[18] [19 <./images/unifbar.pdf> <./images/layrd-unit-cell.pdf

pdfTeX warning: /usr/bin/pdflatex (file ./images/layrd-unit-cell.pdf): PDF incl
usion: multiple pdfs with page group included in a single page
>] [20 <./images/layrd.pdf>] [21] (./report.bbl) [22] (./report.aux) ) 
Here is how much of TeX's memory you used:
 2710 strings out of 493029
 37536 string characters out of 6136234
 110051 words of memory out of 5000000
 6202 multiletter control sequences out of 15000+600000
 9988 words of font info for 36 fonts, out of 8000000 for 9000
 1141 hyphenation exceptions out of 8191
 38i,10n,32p,256b,230s stack positions out of 5000i,500n,10000p,200000b,80000s
</usr/sha
re/texlive/texmf-dist/fonts/type1/public/amsfonts/cm/cmbx10.pfb></usr/share/tex
live/texmf-dist/fonts/type1/public/amsfonts/cm/cmbx12.pfb></usr/share/texlive/t
exmf-dist/fonts/type1/public/amsfonts/cm/cmbx7.pfb></usr/share/texlive/texmf-di
st/fonts/type1/public/amsfonts/cm/cmex10.pfb></usr/share/texlive/texmf-dist/fon
ts/type1/public/amsfonts/cm/cmmi10.pfb></usr/share/texlive/texmf-dist/fonts/typ
e1/public/amsfonts/cm/cmmi5.pfb></usr/share/texlive/texmf-dist/fonts/type1/publ
ic/amsfonts/cm/cmmi7.pfb></usr/share/texlive/texmf-dist/fonts/type1/public/amsf
onts/cm/cmr10.pfb></usr/share/texlive/texmf-dist/fonts/type1/public/amsfonts/cm
/cmr12.pfb></usr/share/texlive/texmf-dist/fonts/type1/public/amsfonts/cm/cmr17.
pfb></usr/share/texlive/texmf-dist/fonts/type1/public/amsfonts/cm/cmr5.pfb></us
r/share/texlive/texmf-dist/fonts/type1/public/amsfonts/cm/cmr7.pfb></usr/share/
texlive/texmf-dist/fonts/type1/public/amsfonts/cm/cmsy10.pfb></usr/share/texliv
e/texmf-dist/fonts/type1/public/amsfonts/cm/cmsy7.pfb></usr/share/texlive/texmf
-dist/fonts/type1/public/amsfonts/cm/cmti10.pfb>
Output written on report.pdf (25 pages, 897387 bytes).
PDF statistics:
 277 PDF objects out of 1000 (max. 8388607)
 193 compressed objects within 2 object streams
 0 named destinations out of 1000 (max. 500000)
 71 words of extra memory for PDF output out of 10000 (max. 10000000)

